Start testing: Jun 06 02:44 UTC
----------------------------------------------------------
1/15 Testing: test_qcap2_buffer
1/15 Test: test_qcap2_buffer
Command: "/workspace/build_allegro/test_qcap2_buffer"
Directory: /workspace/build_allegro
"test_qcap2_buffer" start time: Jun 06 02:44 UTC
Output:
----------------------------------------------------------
All tests passed!
<end of output>
Test time =   0.00 sec
----------------------------------------------------------
Test Passed.
"test_qcap2_buffer" end time: Jun 06 02:44 UTC
"test_qcap2_buffer" time elapsed: 00:00:00
----------------------------------------------------------

2/15 Testing: test_qcap2_formats
2/15 Test: test_qcap2_formats
Command: "/workspace/build_allegro/test_qcap2_formats"
Directory: /workspace/build_allegro
"test_qcap2_formats" start time: Jun 06 02:44 UTC
Output:
----------------------------------------------------------
All test_qcap2_formats passed!
<end of output>
Test time =   0.00 sec
----------------------------------------------------------
Test Passed.
"test_qcap2_formats" end time: Jun 06 02:44 UTC
"test_qcap2_formats" time elapsed: 00:00:00
----------------------------------------------------------

3/15 Testing: test_qcap2_utils
3/15 Test: test_qcap2_utils
Command: "/workspace/build_allegro/test_qcap2_utils"
Directory: /workspace/build_allegro
"test_qcap2_utils" start time: Jun 06 02:44 UTC
Output:
----------------------------------------------------------
[TestVideo] Video Frame Info: ColorSpaceType=1, Width=640, Height=480, PTS=1000
[TestAudio] Audio Sample Info: Channels=2, SampleFmt=1, SampleFreq=48000, FrameSize=1024, PTS=1000
[TestPacket] Packet Info: Data pointer 0x628f5cb052b0
All test_utils passed!
<end of output>
Test time =   0.00 sec
----------------------------------------------------------
Test Passed.
"test_qcap2_utils" end time: Jun 06 02:44 UTC
"test_qcap2_utils" time elapsed: 00:00:00
----------------------------------------------------------

4/15 Testing: test_qcap2_sync
4/15 Test: test_qcap2_sync
Command: "/workspace/build_allegro/test_qcap2_sync"
Directory: /workspace/build_allegro
"test_qcap2_sync" start time: Jun 06 02:44 UTC
Output:
----------------------------------------------------------
Sync test basic locks passed!
<end of output>
Test time =   0.64 sec
----------------------------------------------------------
Test Passed.
"test_qcap2_sync" end time: Jun 06 02:44 UTC
"test_qcap2_sync" time elapsed: 00:00:00
----------------------------------------------------------

5/15 Testing: test_qcap2_audio_sink
5/15 Test: test_qcap2_audio_sink
Command: "/workspace/build_allegro/test_qcap2_audio_sink"
Directory: /workspace/build_allegro
"test_qcap2_audio_sink" start time: Jun 06 02:44 UTC
Output:
----------------------------------------------------------
--- Starting QCAP2 Audio Sink Test ---
Testing queue push and pop mechanics...
Popped frame: channels=2, format=16, frequency=44100, size=8
Testing ALSA backend open handling...
  ALSA playback device absent as expected (returned 1).
--- All Audio Sink Tests Passed Successfully! ---
<end of output>
Test time =   0.00 sec
----------------------------------------------------------
Test Passed.
"test_qcap2_audio_sink" end time: Jun 06 02:44 UTC
"test_qcap2_audio_sink" time elapsed: 00:00:00
----------------------------------------------------------

6/15 Testing: test_qcap2_video_sink
6/15 Test: test_qcap2_video_sink
Command: "/workspace/build_allegro/test_qcap2_video_sink"
Directory: /workspace/build_allegro
"test_qcap2_video_sink" start time: Jun 06 02:44 UTC
Output:
----------------------------------------------------------
--- Starting QCAP2 Video Sink Test ---
Testing queue push and pop mechanics...
Popped frame properties: colorspace=0, width=1280, height=720
Testing V4L2 backend open handling...
  V4L2 device absent as expected (returned 1).
Testing DRM backend and utility APIs...
--- All Video Sink Tests Passed Successfully! ---
<end of output>
Test time =   0.06 sec
----------------------------------------------------------
Test Passed.
"test_qcap2_video_sink" end time: Jun 06 02:44 UTC
"test_qcap2_video_sink" time elapsed: 00:00:00
----------------------------------------------------------

Unable to find executable: /workspace/build_allegro/test_qcap2_demuxer
7/15 Testing: test_qcap2_demuxer
7/15 Test: test_qcap2_demuxer
Command: ""
Directory: /workspace/build_allegro
"test_qcap2_demuxer" start time: 
Output:
----------------------------------------------------------
<end of output>
Test time =   0.00 sec
----------------------------------------------------------
Test Passed.
"test_qcap2_demuxer" end time: Jun 06 02:44 UTC
"test_qcap2_demuxer" time elapsed: 00:00:00
----------------------------------------------------------

Unable to find executable: /workspace/build_allegro/test_qcap2_demuxer_rtsp
8/15 Testing: test_qcap2_demuxer_rtsp
8/15 Test: test_qcap2_demuxer_rtsp
Command: ""
Directory: /workspace/build_allegro
"test_qcap2_demuxer_rtsp" start time: 
Output:
----------------------------------------------------------
<end of output>
Test time =   0.00 sec
----------------------------------------------------------
Test Passed.
"test_qcap2_demuxer_rtsp" end time: Jun 06 02:44 UTC
"test_qcap2_demuxer_rtsp" time elapsed: 00:00:00
----------------------------------------------------------

Unable to find executable: /workspace/build_allegro/test_qcap2_demuxer_mock
9/15 Testing: test_qcap2_demuxer_mock
9/15 Test: test_qcap2_demuxer_mock
Command: ""
Directory: /workspace/build_allegro
"test_qcap2_demuxer_mock" start time: 
Output:
----------------------------------------------------------
<end of output>
Test time =   0.00 sec
----------------------------------------------------------
Test Passed.
"test_qcap2_demuxer_mock" end time: Jun 06 02:44 UTC
"test_qcap2_demuxer_mock" time elapsed: 00:00:00
----------------------------------------------------------

Unable to find executable: /workspace/build_allegro/test_qcap2_muxer
10/15 Testing: test_qcap2_muxer
10/15 Test: test_qcap2_muxer
Command: ""
Directory: /workspace/build_allegro
"test_qcap2_muxer" start time: 
Output:
----------------------------------------------------------
<end of output>
Test time =   0.00 sec
----------------------------------------------------------
Test Passed.
"test_qcap2_muxer" end time: Jun 06 02:44 UTC
"test_qcap2_muxer" time elapsed: 00:00:00
----------------------------------------------------------

Unable to find executable: /workspace/build_allegro/test_qcap2_muxer_rtsp
11/15 Testing: test_qcap2_muxer_rtsp
11/15 Test: test_qcap2_muxer_rtsp
Command: ""
Directory: /workspace/build_allegro
"test_qcap2_muxer_rtsp" start time: 
Output:
----------------------------------------------------------
<end of output>
Test time =   0.00 sec
----------------------------------------------------------
Test Passed.
"test_qcap2_muxer_rtsp" end time: Jun 06 02:44 UTC
"test_qcap2_muxer_rtsp" time elapsed: 00:00:00
----------------------------------------------------------

Unable to find executable: /workspace/build_allegro/test_qcap2_demux_mux
12/15 Testing: test_qcap2_demux_mux
12/15 Test: test_qcap2_demux_mux
Command: ""
Directory: /workspace/build_allegro
"test_qcap2_demux_mux" start time: 
Output:
----------------------------------------------------------
<end of output>
Test time =   0.00 sec
----------------------------------------------------------
Test Passed.
"test_qcap2_demux_mux" end time: Jun 06 02:44 UTC
"test_qcap2_demux_mux" time elapsed: 00:00:00
----------------------------------------------------------

Unable to find executable: /workspace/build_allegro/test_qcap2_sdp
13/15 Testing: test_qcap2_sdp
13/15 Test: test_qcap2_sdp
Command: ""
Directory: /workspace/build_allegro
"test_qcap2_sdp" start time: 
Output:
----------------------------------------------------------
<end of output>
Test time =   0.00 sec
----------------------------------------------------------
Test Passed.
"test_qcap2_sdp" end time: Jun 06 02:44 UTC
"test_qcap2_sdp" time elapsed: 00:00:00
----------------------------------------------------------

Unable to find executable: /workspace/build_allegro/test_qcap2_processing
14/15 Testing: test_qcap2_processing
14/15 Test: test_qcap2_processing
Command: ""
Directory: /workspace/build_allegro
"test_qcap2_processing" start time: 
Output:
----------------------------------------------------------
<end of output>
Test time =   0.00 sec
----------------------------------------------------------
Test Passed.
"test_qcap2_processing" end time: Jun 06 02:44 UTC
"test_qcap2_processing" time elapsed: 00:00:00
----------------------------------------------------------

Unable to find executable: /workspace/build_allegro/test_qcap2_graphics
15/15 Testing: test_qcap2_graphics
15/15 Test: test_qcap2_graphics
Command: ""
Directory: /workspace/build_allegro
"test_qcap2_graphics" start time: 
Output:
----------------------------------------------------------
<end of output>
Test time =   0.00 sec
----------------------------------------------------------
Test Passed.
"test_qcap2_graphics" end time: Jun 06 02:44 UTC
"test_qcap2_graphics" time elapsed: 00:00:00
----------------------------------------------------------

End testing: Jun 06 02:44 UTC
