Start testing: Jun 06 02:53 UTC
----------------------------------------------------------
1/15 Testing: test_qcap2_buffer
1/15 Test: test_qcap2_buffer
Command: "/workspace/build_fallback/test_qcap2_buffer"
Directory: /workspace/build_fallback
"test_qcap2_buffer" start time: Jun 06 02:53 UTC
Output:
----------------------------------------------------------
All tests passed!
<end of output>
Test time =   0.00 sec
----------------------------------------------------------
Test Passed.
"test_qcap2_buffer" end time: Jun 06 02:53 UTC
"test_qcap2_buffer" time elapsed: 00:00:00
----------------------------------------------------------

2/15 Testing: test_qcap2_formats
2/15 Test: test_qcap2_formats
Command: "/workspace/build_fallback/test_qcap2_formats"
Directory: /workspace/build_fallback
"test_qcap2_formats" start time: Jun 06 02:53 UTC
Output:
----------------------------------------------------------
All test_qcap2_formats passed!
<end of output>
Test time =   0.00 sec
----------------------------------------------------------
Test Passed.
"test_qcap2_formats" end time: Jun 06 02:53 UTC
"test_qcap2_formats" time elapsed: 00:00:00
----------------------------------------------------------

3/15 Testing: test_qcap2_utils
3/15 Test: test_qcap2_utils
Command: "/workspace/build_fallback/test_qcap2_utils"
Directory: /workspace/build_fallback
"test_qcap2_utils" start time: Jun 06 02:53 UTC
Output:
----------------------------------------------------------
[TestVideo] Video Frame Info: ColorSpaceType=1, Width=640, Height=480, PTS=1000
[TestAudio] Audio Sample Info: Channels=2, SampleFmt=1, SampleFreq=48000, FrameSize=1024, PTS=1000
[TestPacket] Packet Info: Data pointer 0x564c1b2d22b0
All test_utils passed!
<end of output>
Test time =   0.00 sec
----------------------------------------------------------
Test Passed.
"test_qcap2_utils" end time: Jun 06 02:53 UTC
"test_qcap2_utils" time elapsed: 00:00:00
----------------------------------------------------------

4/15 Testing: test_qcap2_sync
4/15 Test: test_qcap2_sync
Command: "/workspace/build_fallback/test_qcap2_sync"
Directory: /workspace/build_fallback
"test_qcap2_sync" start time: Jun 06 02:53 UTC
Output:
----------------------------------------------------------
Sync test basic locks passed!
<end of output>
Test time =   0.65 sec
----------------------------------------------------------
Test Passed.
"test_qcap2_sync" end time: Jun 06 02:53 UTC
"test_qcap2_sync" time elapsed: 00:00:00
----------------------------------------------------------

5/15 Testing: test_qcap2_audio_sink
5/15 Test: test_qcap2_audio_sink
Command: "/workspace/build_fallback/test_qcap2_audio_sink"
Directory: /workspace/build_fallback
"test_qcap2_audio_sink" start time: Jun 06 02:53 UTC
Output:
----------------------------------------------------------
--- Starting QCAP2 Audio Sink Test ---
Testing queue push and pop mechanics...
Popped frame: channels=2, format=16, frequency=44100, size=8
Testing ALSA backend open handling...
  ALSA playback device absent as expected (returned 1).
--- All Audio Sink Tests Passed Successfully! ---
<end of output>
Test time =   0.00 sec
----------------------------------------------------------
Test Passed.
"test_qcap2_audio_sink" end time: Jun 06 02:53 UTC
"test_qcap2_audio_sink" time elapsed: 00:00:00
----------------------------------------------------------

6/15 Testing: test_qcap2_video_sink
6/15 Test: test_qcap2_video_sink
Command: "/workspace/build_fallback/test_qcap2_video_sink"
Directory: /workspace/build_fallback
"test_qcap2_video_sink" start time: Jun 06 02:53 UTC
Output:
----------------------------------------------------------
--- Starting QCAP2 Video Sink Test ---
Testing queue push and pop mechanics...
Popped frame properties: colorspace=0, width=1280, height=720
Testing V4L2 backend open handling...
  V4L2 device absent as expected (returned 1).
Testing DRM backend and utility APIs...
--- All Video Sink Tests Passed Successfully! ---
<end of output>
Test time =   0.06 sec
----------------------------------------------------------
Test Passed.
"test_qcap2_video_sink" end time: Jun 06 02:53 UTC
"test_qcap2_video_sink" time elapsed: 00:00:00
----------------------------------------------------------

7/15 Testing: test_qcap2_demuxer
7/15 Test: test_qcap2_demuxer
Command: "/workspace/build_fallback/test_qcap2_demuxer"
Directory: /workspace/build_fallback
"test_qcap2_demuxer" start time: Jun 06 02:53 UTC
Output:
----------------------------------------------------------
Generating test fixture...

--- Test Case 1: Non-Live Source Mode (DTS Pacing) ---
Starting demuxer...
Video streams (sources): 1
Video encoders: 1
Programs: 1
Program ID: 1
Program Number: 1
Program Video Sources: 1
Program Video Encoders: 1
Popped packet 0 -> size: 7999 | PTS: 0 | DTS: 0 | sample_time: 0 | keyframe: YES
Popped packet 1 -> size: 2339 | PTS: 1024 | DTS: 1024 | sample_time: 0.1 | keyframe: NO
Popped packet 2 -> size: 1345 | PTS: 2048 | DTS: 2048 | sample_time: 0.2 | keyframe: NO
Popped packet 3 -> size: 1236 | PTS: 3072 | DTS: 3072 | sample_time: 0.3 | keyframe: NO
Popped packet 4 -> size: 1133 | PTS: 4096 | DTS: 4096 | sample_time: 0.4 | keyframe: NO
Popped packet 5 -> size: 1122 | PTS: 5120 | DTS: 5120 | sample_time: 0.5 | keyframe: NO
Popped packet 6 -> size: 1050 | PTS: 6144 | DTS: 6144 | sample_time: 0.6 | keyframe: NO
Popped packet 7 -> size: 1004 | PTS: 7168 | DTS: 7168 | sample_time: 0.7 | keyframe: NO
Popped packet 8 -> size: 866 | PTS: 8192 | DTS: 8192 | sample_time: 0.8 | keyframe: NO
Popped packet 9 -> size: 897 | PTS: 9216 | DTS: 9216 | sample_time: 0.9 | keyframe: NO
Total demuxing duration in paced mode: 0.900398 seconds.

--- Test Case 2: Live Source Mode (Max Speed) ---
Total demuxing duration in live-source mode: 0.00019332 seconds.

All demuxer tests passed successfully!
<end of output>
Test time =   0.98 sec
----------------------------------------------------------
Test Passed.
"test_qcap2_demuxer" end time: Jun 06 02:53 UTC
"test_qcap2_demuxer" time elapsed: 00:00:00
----------------------------------------------------------

8/15 Testing: test_qcap2_demuxer_rtsp
8/15 Test: test_qcap2_demuxer_rtsp
Command: "/workspace/build_fallback/test_qcap2_demuxer_rtsp"
Directory: /workspace/build_fallback
"test_qcap2_demuxer_rtsp" start time: Jun 06 02:53 UTC
Output:
----------------------------------------------------------
[tcp @ 0x5cdf4120a180] Connection to tcp://127.0.0.1:65535?timeout=2000 failed: Connection refused
[tcp @ 0x5cdf41247b00] Connection to tcp://:554?timeout=5000 failed: Connection refused
[tcp @ 0x5cdf41247b00] Connection to tcp://:554?timeout=2000 failed: Connection refused
=== QCAP2_DEMUXER_TYPE_RTSP Test ===

--- Test Case 1: RTSP API Configuration ---
  Set type to QCAP2_DEMUXER_TYPE_RTSP: PASS
  Set RTSP timeout to 10000ms: PASS
  Set RTSP reconnect (5 attempts, 3000ms delay): PASS
  Set RTSP User-Agent: PASS
  Set RTSP keep-alive interval to 15000ms: PASS
  RTSP config after unconfigured start: PASS
  Clean delete after RTSP configuration: PASS

--- Test Case 2: RTSP Options Ignored for DEFAULT Type ---
  RTSP options on DEFAULT type (no crash): PASS
  Clean delete: PASS

--- Test Case 3: RTSP Connection Failure (no server) ---
  Attempting connection to non-existent RTSP server...
  RTSP start (no server): PASS
  (error 0xd)
  RTSP stop after failed start: PASS (expected=0x0, actual=0x0)
  Clean delete: PASS

--- Test Case 4: RTSP Lifecycle (no URL) ---
  RTSP start (no URL): PASS
  RTSP play (no format context): PASS (expected=0x4, actual=0x4)
  RTSP stop (no format context): PASS (expected=0x0, actual=0x0)
  Clean delete: PASS

--- Test Case 5: DEFAULT Type File Demuxing (backward compat) ---
  Generating test fixture...
  Test fixture generated.
  DEFAULT start (file): PASS (expected=0x0, actual=0x0)
  Video sources: 1
  Video encoders: 1
  Audio sources: 0
  Audio encoders: 0
  Programs: 1
  DEFAULT play (file): PASS (expected=0x0, actual=0x0)
  Popped 10 packets in 0.900245s.
  DEFAULT stop: PASS (expected=0x0, actual=0x0)
  Clean delete: PASS

--- Test Case 6: RTSP Type with File URL (expect failure) ---
  Starting RTSP demuxer with file URL (should fail)...
  RTSP start with file URL: PASS
  (error code: 0xd)
  RTSP stop after failure: PASS (expected=0x0, actual=0x0)
  Clean delete: PASS

--- Test Case 7: NULL-ptr Safety ---
  NULL-ptr RTSP API calls: PASS
  start(nullptr): PASS (expected=0x5, actual=0x5)
  play(nullptr): PASS (expected=0x5, actual=0x5)
  stop(nullptr): PASS (expected=0x5, actual=0x5)
  NULL-ptr standard API: PASS
  delete(nullptr): PASS


=== All RTSP Demuxer Tests Passed Successfully! ===
<end of output>
Test time =   0.98 sec
----------------------------------------------------------
Test Passed.
"test_qcap2_demuxer_rtsp" end time: Jun 06 02:53 UTC
"test_qcap2_demuxer_rtsp" time elapsed: 00:00:00
----------------------------------------------------------

9/15 Testing: test_qcap2_demuxer_mock
9/15 Test: test_qcap2_demuxer_mock
Command: "/workspace/build_fallback/test_qcap2_demuxer_mock"
Directory: /workspace/build_fallback
"test_qcap2_demuxer_mock" start time: Jun 06 02:53 UTC
Output:
----------------------------------------------------------
--- Starting QCAP2 Demuxer Mock Integration Test ---
[aac @ 0x7992f4001200] Qavg: nan
[aac @ 0x7992f4001200] Qavg: nan
  Starting demuxer...
  Demuxer video sources: 1, audio sources: 1
  Demuxer video encoders: 1, audio encoders: 1
  Playing demuxer...
  [Event] Received demuxer format change event!
  [Event] Received demuxer format change event!
  Received 2 format change events.
  Popped 9 video frames total.
  Popped video source 160899 frames total.

=== All Demuxer Mock Integration Tests Passed Successfully! ===
<end of output>
Test time =   0.93 sec
----------------------------------------------------------
Test Passed.
"test_qcap2_demuxer_mock" end time: Jun 06 02:53 UTC
"test_qcap2_demuxer_mock" time elapsed: 00:00:00
----------------------------------------------------------

10/15 Testing: test_qcap2_muxer
10/15 Test: test_qcap2_muxer
Command: "/workspace/build_fallback/test_qcap2_muxer"
Directory: /workspace/build_fallback
"test_qcap2_muxer" start time: Jun 06 02:53 UTC
Output:
----------------------------------------------------------
[h264 @ 0x5d5682a3e7c0] Overread VUI by 8 bits
[h264 @ 0x5d5682a3e7c0] Overread SPS by 8 bits
[h264 @ 0x5d5682a3e7c0] Overread VUI by 8 bits
[h264 @ 0x5d5682a3e7c0] Overread SPS by 8 bits
[h264 @ 0x5d5682a3e7c0] pps_id 3199971767 out of range
[h264 @ 0x5d5682a3e7c0] slice type 32 too large at 128
[h264 @ 0x5d5682a3e7c0] decode_slice_header error
[h264 @ 0x5d5682a3e7c0] no frame!
[h264 @ 0x5d5682a3e7c0] pps_id 3199971767 out of range
[h264 @ 0x5d5682a3e7c0] slice type 32 too large at 128
[h264 @ 0x5d5682a3e7c0] decode_slice_header error
[h264 @ 0x5d5682a3e7c0] no frame!
[h264 @ 0x5d5682a3e7c0] pps_id 3199971767 out of range
[h264 @ 0x5d5682a3e7c0] slice type 32 too large at 128
[h264 @ 0x5d5682a3e7c0] decode_slice_header error
[h264 @ 0x5d5682a3e7c0] no frame!
[h264 @ 0x5d5682a3e7c0] pps_id 3199971767 out of range
[h264 @ 0x5d5682a3e7c0] slice type 32 too large at 128
[h264 @ 0x5d5682a3e7c0] decode_slice_header error
[h264 @ 0x5d5682a3e7c0] no frame!
[h264 @ 0x5d5682a3e7c0] pps_id 3199971767 out of range
[h264 @ 0x5d5682a3e7c0] slice type 32 too large at 128
[h264 @ 0x5d5682a3e7c0] decode_slice_header error
[h264 @ 0x5d5682a3e7c0] no frame!
[h264 @ 0x5d5682a3e7c0] pps_id 3199971767 out of range
[h264 @ 0x5d5682a3e7c0] slice type 32 too large at 128
[h264 @ 0x5d5682a3e7c0] decode_slice_header error
[h264 @ 0x5d5682a3e7c0] no frame!
[h264 @ 0x5d5682a3e7c0] pps_id 3199971767 out of range
[h264 @ 0x5d5682a3e7c0] slice type 32 too large at 128
[h264 @ 0x5d5682a3e7c0] decode_slice_header error
[h264 @ 0x5d5682a3e7c0] no frame!
[h264 @ 0x5d5682a3e7c0] pps_id 3199971767 out of range
[h264 @ 0x5d5682a3e7c0] slice type 32 too large at 128
[h264 @ 0x5d5682a3e7c0] decode_slice_header error
[h264 @ 0x5d5682a3e7c0] no frame!
[h264 @ 0x5d5682a3e7c0] pps_id 3199971767 out of range
[h264 @ 0x5d5682a3e7c0] slice type 32 too large at 128
[h264 @ 0x5d5682a3e7c0] decode_slice_header error
[h264 @ 0x5d5682a3e7c0] no frame!
[h264 @ 0x5d5682a3e7c0] pps_id 3199971767 out of range
[h264 @ 0x5d5682a3e7c0] slice type 32 too large at 128
[h264 @ 0x5d5682a3e7c0] decode_slice_header error
[h264 @ 0x5d5682a3e7c0] no frame!
[h264 @ 0x5d5682a41080] Overread VUI by 8 bits
[h264 @ 0x5d5682a41080] Overread SPS by 8 bits
--- Starting QCAP2 Muxer Test ---
Starting the muxer...
Pushing compressed video packets...
Stopping the muxer...
Verifying written file structure...
  ffprobe entry: codec_name=h264
  ffprobe entry: width=320
  ffprobe entry: height=240
  ffprobe entry: nb_read_packets=10
--- All Muxer Tests Passed Successfully! ---
<end of output>
Test time =   0.18 sec
----------------------------------------------------------
Test Passed.
"test_qcap2_muxer" end time: Jun 06 02:53 UTC
"test_qcap2_muxer" time elapsed: 00:00:00
----------------------------------------------------------

11/15 Testing: test_qcap2_muxer_rtsp
11/15 Test: test_qcap2_muxer_rtsp
Command: "/workspace/build_fallback/test_qcap2_muxer_rtsp"
Directory: /workspace/build_fallback
"test_qcap2_muxer_rtsp" start time: Jun 06 02:53 UTC
Output:
----------------------------------------------------------
[tcp @ 0x57012ed00180] Connection to tcp://127.0.0.1:65535?timeout=0 failed: Connection refused
=== QCAP2_MUXER_TYPE_RTSP Test ===

--- Test Case 1: RTSP API Configuration ---
  Set type to QCAP2_MUXER_TYPE_RTSP: PASS
  Set max threads to 4: PASS
  Set endpoint 127.0.0.1:8554: PASS
  Set authentication realm: PASS
  Set SSL true: PASS
  Set Certificate Chain File: PASS
  Set Private Key File: PASS
  Add user (admin): PASS
  Clean delete after RTSP configuration: PASS

--- Test Case 2: Connection Failure (no server) ---
  Attempting RTSP start (expect network failure)...
  RTSP start (no server): PASS
  (error code: 0xd)
  RTSP stop after failed start: PASS (expected=0x0, actual=0x0)
  Clean delete: PASS

--- Test Case 3: DEFAULT Type File Multiplexing (compat) ---
  DEFAULT start (file): PASS (expected=0x0, actual=0x0)
  DEFAULT stop: PASS (expected=0x0, actual=0x0)
  Clean delete: PASS
  File creation: PASS
  DEFAULT backward compatibility: PASS

--- Test Case 4: NULL-ptr Safety ---
  start(nullptr): PASS (expected=0x1, actual=0x1)
  stop(nullptr): PASS (expected=0x1, actual=0x1)
  play(nullptr): PASS (expected=0x0, actual=0x0)
  NULL-ptr standard API calls: PASS

=== All RTSP Muxer Tests Passed Successfully! ===
<end of output>
Test time =   0.13 sec
----------------------------------------------------------
Test Passed.
"test_qcap2_muxer_rtsp" end time: Jun 06 02:53 UTC
"test_qcap2_muxer_rtsp" time elapsed: 00:00:00
----------------------------------------------------------

12/15 Testing: test_qcap2_demux_mux
12/15 Test: test_qcap2_demux_mux
Command: "/workspace/build_fallback/test_qcap2_demux_mux"
Directory: /workspace/build_fallback
"test_qcap2_demux_mux" start time: Jun 06 02:53 UTC
Output:
----------------------------------------------------------
[mp4 @ 0x5b36c65e9a40] track 1: codec frame size is not set
[mp4 @ 0x5b36c65e9a40] Application provided invalid, non monotonically increasing dts to muxer in stream 0: 4044 >= 2027
[mp4 @ 0x5b36c65e9a40] Application provided invalid, non monotonically increasing dts to muxer in stream 0: 4044 >= 1024
[mp4 @ 0x5b36c65e9a40] Application provided invalid, non monotonically increasing dts to muxer in stream 0: 4044 >= 3062
[mp4 @ 0x5b36c65e9a40] Application provided invalid, non monotonically increasing dts to muxer in stream 0: 8140 >= 6123
[mp4 @ 0x5b36c65e9a40] Application provided invalid, non monotonically increasing dts to muxer in stream 0: 8140 >= 5120
[mp4 @ 0x5b36c65e9a40] Application provided invalid, non monotonically increasing dts to muxer in stream 0: 8140 >= 7158
--- Starting QCAP2 Demuxer -> Muxer Integration Test ---
Generating test fixture input file...
Initializing demuxer...
  Demuxer video streams: 1, audio streams: 1
Initializing muxer...
  Propagating video extra-data (size: 46)
  Propagating audio extra-data (size: 5)
Starting demuxer -> muxer pipeline...
Streaming packets...
Streamed 10 video packets and 45 audio packets.
Stopping pipeline...
Verifying produced output file properties...
  video probe entry: codec_name=h264
  video probe entry: width=320
  video probe entry: height=240
  audio probe entry: codec_name=aac
  audio probe entry: channels=1
--- Combined Demuxer -> Muxer Integration Test Passed! ---
<end of output>
Test time =   0.29 sec
----------------------------------------------------------
Test Passed.
"test_qcap2_demux_mux" end time: Jun 06 02:53 UTC
"test_qcap2_demux_mux" time elapsed: 00:00:00
----------------------------------------------------------

13/15 Testing: test_qcap2_sdp
13/15 Test: test_qcap2_sdp
Command: "/workspace/build_fallback/test_qcap2_sdp"
Directory: /workspace/build_fallback
"test_qcap2_sdp" start time: Jun 06 02:53 UTC
Output:
----------------------------------------------------------
=== QCAP2 SDP Muxer & Demuxer Integration Test ===

--- Test Case 1: SDP Session Generation ---
  Starting SDP Muxer...
  Muxer start: PASS (expected=0x0, actual=0x0)
  Reading generated SDP file...
  SDP file created: PASS
    [SDP] v=0
    [SDP] o=- 0 0 IN IP4 127.0.0.1
    [SDP] s=No Name
    [SDP] t=0 0
    [SDP] a=tool:libavformat 60.16.100
    [SDP] m=video 5004 RTP/AVP 96
    [SDP] c=IN IP4 127.0.0.1
    [SDP] b=AS:1000
    [SDP] a=rtpmap:96 H264/90000
    [SDP] a=fmtp:96 packetization-mode=1; sprop-parameter-sets=Z0LAC9kBQfsBEAAAAwAQAAADAUDxQqSA,aMuDyyA=; profile-level-id=42C00B
    [SDP] m=audio 5006 RTP/AVP 97
    [SDP] c=IN IP4 127.0.0.1
    [SDP] b=AS:128
    [SDP] a=rtpmap:97 MPEG4-GENERIC/44100/2
    [SDP] a=fmtp:97 profile-level-id=1;mode=AAC-hbr;sizelength=13;indexlength=3;indexdeltalength=3; config=1210
  Global Video Stream session block: PASS
  Global Audio Stream session block: PASS
  H.264 rtpmap definition: PASS
  AAC rtpmap definition: PASS

--- Test Case 2: SDP Stream Discovery & Parsing ---
  Starting SDP Demuxer (parses SDP and sets up RTP listeners)...
[aac @ 0x5b6b975c4240] Input buffer exhausted before END element found
[h264 @ 0x5b6b975c2680] concealing 60 DC, 60 AC, 60 MV errors in I frame
[h264 @ 0x5b6b975c2680] concealing 60 DC, 60 AC, 60 MV errors in I frame
[h264 @ 0x5b6b975c2680] concealing 60 DC, 60 AC, 60 MV errors in I frame
[h264 @ 0x5b6b975c2680] concealing 60 DC, 60 AC, 60 MV errors in I frame
[h264 @ 0x5b6b975c2680] concealing 60 DC, 60 AC, 60 MV errors in I frame
[h264 @ 0x5b6b975c2680] concealing 60 DC, 60 AC, 60 MV errors in I frame
[h264 @ 0x5b6b975c2680] concealing 60 DC, 60 AC, 60 MV errors in I frame
  Demuxer start: PASS (expected=0x0, actual=0x0)
  Parsed Video streams: 1 (encoders: 1)
  Parsed Audio streams: 1 (encoders: 1)
  Video stream count: PASS
  Video encoder count: PASS
  Audio stream count: PASS
  Audio encoder count: PASS
  Parsed Video Format: 0, Width: 320, Height: 240
  H.264 format matched: PASS
  Width matched: PASS
  Height matched: PASS
  Parsed Audio Format: 1, Channels: 2, Frequency: 44100
  AAC format matched: PASS
  Channels matched: PASS
  Frequency matched: PASS
  Video extra-data propagated: PASS
  Video SPS NAL matched: PASS
  Audio extra-data propagated: PASS
  AudioSpecificConfig matched: PASS
  Demuxer play: PASS (expected=0x0, actual=0x0)
[rtp @ 0x5b6b975712c0] Application provided invalid, non monotonically increasing dts to muxer in stream 0: 104400 >= 0
[rtp @ 0x5b6b975712c0] Application provided invalid, non monotonically increasing dts to muxer in stream 0: 104400 >= 3600
[rtp @ 0x5b6b975712c0] Application provided invalid, non monotonically increasing dts to muxer in stream 0: 104400 >= 7200
[rtp @ 0x5b6b975712c0] Application provided invalid, non monotonically increasing dts to muxer in stream 0: 104400 >= 10800
[rtp @ 0x5b6b975712c0] Application provided invalid, non monotonically increasing dts to muxer in stream 0: 104400 >= 14400

--- Test Case 3: Concurrent Packet Routing ---

--- Test Case 4: Graceful Muxer & Demuxer Teardown ---
  Demuxer stop: PASS (expected=0x0, actual=0x0)
  Demuxer delete: PASS
  Muxer stop: PASS (expected=0x0, actual=0x0)
  Muxer delete: PASS
  SDP Loop clean up: PASS

=== All SDP Integration Tests Passed Successfully! ===
<end of output>
Test time =  10.20 sec
----------------------------------------------------------
Test Passed.
"test_qcap2_sdp" end time: Jun 06 02:53 UTC
"test_qcap2_sdp" time elapsed: 00:00:10
----------------------------------------------------------

14/15 Testing: test_qcap2_processing
14/15 Test: test_qcap2_processing
Command: "/workspace/build_fallback/test_qcap2_processing"
Directory: /workspace/build_fallback
"test_qcap2_processing" start time: Jun 06 02:53 UTC
Output:
----------------------------------------------------------
[libx264 @ 0x55e00a1b3b00] using SAR=1/1
[libx264 @ 0x55e00a1b3b00] using cpu capabilities: MMX2 SSE2Fast SSSE3 SSE4.2 AVX FMA3 BMI2 AVX2 AVX512
[libx264 @ 0x55e00a1b3b00] profile Constrained Baseline, level 2.0, 4:2:0, 8-bit
[libx264 @ 0x55e00a1b3b00] frame I:1     Avg QP:21.00  size:  2992
[libx264 @ 0x55e00a1b3b00] frame P:4     Avg QP:14.00  size:   934
[libx264 @ 0x55e00a1b3b00] mb I  I16..4: 100.0%  0.0%  0.0%
[libx264 @ 0x55e00a1b3b00] mb P  I16..4:  6.0%  0.0%  0.0%  P16..4: 27.8%  0.0%  0.0%  0.0%  0.0%    skip:66.2%
[libx264 @ 0x55e00a1b3b00] coded y,uvDC,uvAC intra: 5.1% 0.0% 0.0% inter: 14.9% 0.0% 0.0%
[libx264 @ 0x55e00a1b3b00] i16 v,h,dc,p:  4%  5% 10% 82%
[libx264 @ 0x55e00a1b3b00] i8c dc,h,v,p: 100%  0%  0%  0%
[libx264 @ 0x55e00a1b3b00] kb/s:322.99
[libx264 @ 0x55e00a1b3b00] using SAR=1/1
[libx264 @ 0x55e00a1b3b00] using cpu capabilities: MMX2 SSE2Fast SSSE3 SSE4.2 AVX FMA3 BMI2 AVX2 AVX512
[libx264 @ 0x55e00a1b3b00] profile Constrained Baseline, level 2.0, 4:2:0, 8-bit
[libx264 @ 0x55e00a1b3b00] frame I:1     Avg QP: 5.00  size:   956
[libx264 @ 0x55e00a1b3b00] mb I  I16..4: 100.0%  0.0%  0.0%
[libx264 @ 0x55e00a1b3b00] coded y,uvDC,uvAC intra: 0.0% 0.0% 0.0%
[libx264 @ 0x55e00a1b3b00] i16 v,h,dc,p: 93%  0%  7%  0%
[libx264 @ 0x55e00a1b3b00] i8c dc,h,v,p: 100%  0%  0%  0%
[libx264 @ 0x55e00a1b3b00] kb/s:229.44
[libx264 @ 0x55e00a1b3b00] using SAR=1/1
[libx264 @ 0x55e00a1b3b00] using cpu capabilities: MMX2 SSE2Fast SSSE3 SSE4.2 AVX FMA3 BMI2 AVX2 AVX512
[libx264 @ 0x55e00a1b3b00] profile Constrained Baseline, level 2.0, 4:2:0, 8-bit
[libx264 @ 0x55e00a1b3b00] frame I:1     Avg QP: 0.00  size:   731
[libx264 @ 0x55e00a1b3b00] mb I  I16..4: 100.0%  0.0%  0.0%
[libx264 @ 0x55e00a1b3b00] final ratefactor: 5.24
[libx264 @ 0x55e00a1b3b00] coded y,uvDC,uvAC intra: 0.0% 1.2% 0.0%
[libx264 @ 0x55e00a1b3b00] i16 v,h,dc,p: 88%  0% 12%  0%
[libx264 @ 0x55e00a1b3b00] i8c dc,h,v,p: 100%  0%  0%  0%
[libx264 @ 0x55e00a1b3b00] kb/s:175.44
[libx264 @ 0x55e00a1b3b00] using SAR=1/1
[libx264 @ 0x55e00a1b3b00] using cpu capabilities: MMX2 SSE2Fast SSSE3 SSE4.2 AVX FMA3 BMI2 AVX2 AVX512
[libx264 @ 0x55e00a1b3b00] profile Constrained Baseline, level 1.3, 4:2:0, 8-bit
[libx264 @ 0x55e00a1b3b00] frame I:2     Avg QP: 0.00  size:   450
[libx264 @ 0x55e00a1b3b00] frame P:2     Avg QP: 0.00  size:   172
[libx264 @ 0x55e00a1b3b00] mb I  I16..4: 100.0%  0.0%  0.0%
[libx264 @ 0x55e00a1b3b00] mb P  I16..4: 98.8%  0.0%  0.0%  P16..4:  1.2%  0.0%  0.0%  0.0%  0.0%    skip: 0.0%
[libx264 @ 0x55e00a1b3b00] coded y,uvDC,uvAC intra: 0.0% 0.0% 0.0% inter: 100.0% 0.0% 0.0%
[libx264 @ 0x55e00a1b3b00] i16 v,h,dc,p: 88%  0% 12%  0%
[libx264 @ 0x55e00a1b3b00] i8c dc,h,v,p: 100%  0%  0%  0%
[libx264 @ 0x55e00a1b3b00] kb/s:74.64
[libx264 @ 0x55e00a1b3b00] using SAR=1/1
[libx264 @ 0x55e00a1b3b00] using cpu capabilities: MMX2 SSE2Fast SSSE3 SSE4.2 AVX FMA3 BMI2 AVX2 AVX512
[libx264 @ 0x55e00a1b3b00] profile Constrained Baseline, level 2.0, 4:2:0, 8-bit
[libx264 @ 0x55e00a1b3b00] final ratefactor: 8.61
[libx264 @ 0x55e00a1b3b00] using SAR=1/1
[libx264 @ 0x55e00a1b3b00] using cpu capabilities: MMX2 SSE2Fast SSSE3 SSE4.2 AVX FMA3 BMI2 AVX2 AVX512
[libx264 @ 0x55e00a1b3b00] profile Constrained Baseline, level 2.0, 4:2:0, 8-bit
[libx264 @ 0x55e00a1b3b00] frame I:1     Avg QP:21.00  size:  2992
[libx264 @ 0x55e00a1b3b00] frame P:2     Avg QP:18.00  size:   471
[libx264 @ 0x55e00a1b3b00] mb I  I16..4: 100.0%  0.0%  0.0%
[libx264 @ 0x55e00a1b3b00] mb P  I16..4:  7.2%  0.0%  0.0%  P16..4: 19.8%  0.0%  0.0%  0.0%  0.0%    skip:73.0%
[libx264 @ 0x55e00a1b3b00] coded y,uvDC,uvAC intra: 5.5% 0.0% 0.0% inter: 8.1% 0.0% 0.0%
[libx264 @ 0x55e00a1b3b00] i16 v,h,dc,p:  4%  5% 10% 80%
[libx264 @ 0x55e00a1b3b00] i8c dc,h,v,p: 100%  0%  0%  0%
[libx264 @ 0x55e00a1b3b00] kb/s:314.72
Audio resampler unit tests passed successfully!
Video scaler direct scaling tests passed successfully!
Video scaler cropping tests passed successfully!
Video scaler pre-allocated buffer pool tests passed successfully!
Video scaler avfilter filter graph tests passed successfully!
Frame pool video basic tests passed successfully!
Frame pool video recycling tests passed successfully!
Frame pool audio tests passed successfully!
Frame pool video with border tests passed successfully!
Frame pool lifecycle tests passed successfully!
Video encoder H.264 basic tests passed successfully!
Video encoder BGR24 input conversion tests passed successfully!
Video encoder property roundtrip tests passed successfully!
Video encoder IDR request tests passed successfully!
Video encoder lifecycle tests passed successfully!
Video decoder lifecycle tests passed successfully!
Video decoder H.264 integration tests passed successfully!
Packet pool basic tests passed successfully!
Packet pool recycling and resizing tests passed successfully!
Audio encoder sync and async event tests passed successfully!
All processing unit tests passed successfully!
<end of output>
Test time =   0.07 sec
----------------------------------------------------------
Test Passed.
"test_qcap2_processing" end time: Jun 06 02:53 UTC
"test_qcap2_processing" time elapsed: 00:00:00
----------------------------------------------------------

15/15 Testing: test_qcap2_graphics
15/15 Test: test_qcap2_graphics
Command: "/workspace/build_fallback/test_qcap2_graphics"
Directory: /workspace/build_fallback
"test_qcap2_graphics" start time: Jun 06 02:53 UTC
Output:
----------------------------------------------------------
Starting test_qcap2_graphics...
test_qcap2_graphics passed.
<end of output>
Test time =   0.00 sec
----------------------------------------------------------
Test Passed.
"test_qcap2_graphics" end time: Jun 06 02:53 UTC
"test_qcap2_graphics" time elapsed: 00:00:00
----------------------------------------------------------

End testing: Jun 06 02:53 UTC
